{"name": "test_pom", "status": "broken", "statusDetails": {"message": "selenium.common.exceptions.TimeoutException: Message: \nStacktrace:\nNoSuchElementError: An element could not be located on the page using the given search parameters.\n    at XCUITestDriver.doNativeFind (/opt/homebrew/lib/node_modules/appium/node_modules/appium-xcuitest-driver/lib/commands/find.js:130:11)\n    at runMicrotasks (<anonymous>)\n    at processTicksAndRejections (node:internal/process/task_queues:96:5)\n    at XCUITestDriver.findNativeElementOrElements (/opt/homebrew/lib/node_modules/appium/node_modules/appium-xcuitest-driver/lib/commands/find.js:90:10)\n    at XCUITestDriver.findElOrEls (/opt/homebrew/lib/node_modules/appium/node_modules/appium-xcuitest-driver/lib/commands/find.js:23:12)\n    at XCUITestDriver.findElOrElsWithProcessing (/opt/homebrew/lib/node_modules/appium/node_modules/appium-base-driver/lib/basedriver/commands/find.js:33:12)\n    at XCUITestDriver.findElement (/opt/homebrew/lib/node_modules/appium/node_modules/appium-base-driver/lib/basedriver/commands/find.js:53:10)", "trace": "self = <pom_ios_test.TestPageObjectModel object at 0x1088bb790>, test_setup = None\n\n    def test_pom(self, test_setup):\n>      IosPage.myFunction(driver, \"first@mobven.com\", \"Pass321*\")\n\nexamples/pom_test/tests/pom_ios_test.py:51: \n_ _ _ _ _ _ _ _ _ _ _ _ _ _ _ _ _ _ _ _ _ _ _ _ _ _ _ _ _ _ _ _ _ _ _ _ _ _ _ _ _ _ _ _ _ _ _ _ _ _ _ _ _ _ _ _ _ _ _ _ _ _ _ _ _ _ _ _ _ _ _ _ _ \nexamples/pom_test/pages/iosPage.py:10: in myFunction\n    elUsername = WebDriverWait(driver, 30).until(EC.element_to_be_clickable((AppiumBy.ID, \"username_txt\")))\n_ _ _ _ _ _ _ _ _ _ _ _ _ _ _ _ _ _ _ _ _ _ _ _ _ _ _ _ _ _ _ _ _ _ _ _ _ _ _ _ _ _ _ _ _ _ _ _ _ _ _ _ _ _ _ _ _ _ _ _ _ _ _ _ _ _ _ _ _ _ _ _ _ \n\nself = <selenium.webdriver.support.wait.WebDriverWait (session=\"8a237ba9-1331-45ff-8cf1-3734e482fe79\")>\nmethod = <function element_to_be_clickable.<locals>._predicate at 0x108450dc0>, message = ''\n\n    def until(self, method, message=''):\n        \"\"\"Calls the method provided with the driver as an argument until the \\\n        return value does not evaluate to ``False``.\n    \n        :param method: callable(WebDriver)\n        :param message: optional message for :exc:`TimeoutException`\n        :returns: the result of the last call to `method`\n        :raises: :exc:`selenium.common.exceptions.TimeoutException` if timeout occurs\n        \"\"\"\n        screen = None\n        stacktrace = None\n    \n        end_time = time.monotonic() + self._timeout\n        while True:\n            try:\n                value = method(self._driver)\n                if value:\n                    return value\n            except self._ignored_exceptions as exc:\n                screen = getattr(exc, 'screen', None)\n                stacktrace = getattr(exc, 'stacktrace', None)\n            time.sleep(self._poll)\n            if time.monotonic() > end_time:\n                break\n>       raise TimeoutException(message, screen, stacktrace)\nE       selenium.common.exceptions.TimeoutException: Message: \nE       Stacktrace:\nE       NoSuchElementError: An element could not be located on the page using the given search parameters.\nE           at XCUITestDriver.doNativeFind (/opt/homebrew/lib/node_modules/appium/node_modules/appium-xcuitest-driver/lib/commands/find.js:130:11)\nE           at runMicrotasks (<anonymous>)\nE           at processTicksAndRejections (node:internal/process/task_queues:96:5)\nE           at XCUITestDriver.findNativeElementOrElements (/opt/homebrew/lib/node_modules/appium/node_modules/appium-xcuitest-driver/lib/commands/find.js:90:10)\nE           at XCUITestDriver.findElOrEls (/opt/homebrew/lib/node_modules/appium/node_modules/appium-xcuitest-driver/lib/commands/find.js:23:12)\nE           at XCUITestDriver.findElOrElsWithProcessing (/opt/homebrew/lib/node_modules/appium/node_modules/appium-base-driver/lib/basedriver/commands/find.js:33:12)\nE           at XCUITestDriver.findElement (/opt/homebrew/lib/node_modules/appium/node_modules/appium-base-driver/lib/basedriver/commands/find.js:53:10)\n\n/Library/Frameworks/Python.framework/Versions/3.10/lib/python3.10/site-packages/selenium/webdriver/support/wait.py:87: TimeoutException"}, "start": 1655817500257, "stop": 1655817535170, "uuid": "810ab786-9489-473c-9f3b-ad767ca9e7cf", "historyId": "6be2c8d348b26e11f5dd77d9e9d24e2b", "testCaseId": "1c32b71cf54f92b7d2401d979950f429", "fullName": "examples.pom_test.tests.pom_ios_test.TestPageObjectModel#test_pom", "labels": [{"name": "parentSuite", "value": "examples.pom_test.tests"}, {"name": "suite", "value": "pom_ios_test"}, {"name": "subSuite", "value": "TestPageObjectModel"}, {"name": "host", "value": "MOBVENs-MacBook-Pro-2.local"}, {"name": "thread", "value": "46038-MainThread"}, {"name": "framework", "value": "pytest"}, {"name": "language", "value": "cpython3"}, {"name": "package", "value": "examples.pom_test.tests.pom_ios_test"}]}